	Warning:  warning, (EE) error, (NI) not implemented, (??) unknown.
[    32.411] Warning:  The directory "/usr/share/fonts/X11/cyrillic" does not exist.
[    32.411] Warning:  The directory "/usr/share/fonts/X11/100dpi/" does not exist.
[    32.411] Warning:  The directory "/usr/share/fonts/X11/75dpi/" does not exist.
[    32.411] Warning:  The directory "/usr/share/fonts/X11/100dpi" does not exist.
[    32.411] Warning:  The directory "/usr/share/fonts/X11/75dpi" does not exist.
[    32.703] Warning:  Warning, couldn't open module nvidia
[    32.813] Warning:  Warning, couldn't open module nvidia
[    32.829] Warning:  Falling back to old probe method for fbdev
[    32.830] Warning:  Falling back to old probe method for vesa
[    34.191] Warning:  evdev: A4TECH USB Device: ignoring absolute axes.
[ 49140.441] Warning:  evdev: A4TECH USB Device: ignoring absolute axes.
	(++) from command line, (!!) notice, Information:  informational,
[    32.411] Information:  The server relies on udev to provide the list of input devices.
[    32.418] Information:  Loader magic: 0x5648170cae00
[    32.418] Information:  Module ABI versions:
[    32.419] Information:  systemd-logind: logind integration requires -keeptty and -keeptty was not provided, disabling logind integration
[    32.420] Information:  xfree86: Adding drm device (/dev/dri/card0)
[    32.430] Information:  xfree86: Adding drm device (/dev/dri/card1)
[    32.432] Information:  LoadModule: "glx"
[    32.565] Information:  Loading /usr/lib/xorg/modules/extensions/libglx.so
[    32.703] Information:  Module glx: vendor="X.Org Foundation"
[    32.703] Information:  LoadModule: "nvidia"
[    32.703] Information:  UnloadModule: "nvidia"
[    32.703] Information:  Unloading nvidia
[    32.703] Information:  LoadModule: "nouveau"
[    32.704] Information:  Loading /usr/lib/xorg/modules/drivers/nouveau_drv.so
[    32.787] Information:  Module nouveau: vendor="X.Org Foundation"
[    32.787] Information:  LoadModule: "modesetting"
[    32.788] Information:  Loading /usr/lib/xorg/modules/drivers/modesetting_drv.so
[    32.790] Information:  Module modesetting: vendor="X.Org Foundation"
[    32.790] Information:  LoadModule: "fbdev"
[    32.790] Information:  Loading /usr/lib/xorg/modules/drivers/fbdev_drv.so
[    32.801] Information:  Module fbdev: vendor="X.Org Foundation"
[    32.801] Information:  LoadModule: "vesa"
[    32.801] Information:  Loading /usr/lib/xorg/modules/drivers/vesa_drv.so
[    32.813] Information:  Module vesa: vendor="X.Org Foundation"
[    32.813] Information:  LoadModule: "nvidia"
[    32.813] Information:  UnloadModule: "nvidia"
[    32.813] Information:  Unloading nvidia
[    32.813] Information:  LoadModule: "nouveau"
[    32.813] Information:  Loading /usr/lib/xorg/modules/drivers/nouveau_drv.so
[    32.813] Information:  Module nouveau: vendor="X.Org Foundation"
[    32.813] Information:  UnloadModule: "nouveau"
[    32.813] Information:  Unloading nouveau
[    32.813] Information:  Failed to load module "nouveau" (already loaded, 0)
[    32.813] Information:  LoadModule: "modesetting"
[    32.813] Information:  Loading /usr/lib/xorg/modules/drivers/modesetting_drv.so
[    32.813] Information:  Module modesetting: vendor="X.Org Foundation"
[    32.813] Information:  UnloadModule: "modesetting"
[    32.813] Information:  Unloading modesetting
[    32.813] Information:  Failed to load module "modesetting" (already loaded, 0)
[    32.813] Information:  LoadModule: "fbdev"
[    32.813] Information:  Loading /usr/lib/xorg/modules/drivers/fbdev_drv.so
[    32.813] Information:  Module fbdev: vendor="X.Org Foundation"
[    32.813] Information:  UnloadModule: "fbdev"
[    32.813] Information:  Unloading fbdev
[    32.813] Information:  Failed to load module "fbdev" (already loaded, 0)
[    32.813] Information:  LoadModule: "vesa"
[    32.813] Information:  Loading /usr/lib/xorg/modules/drivers/vesa_drv.so
[    32.813] Information:  Module vesa: vendor="X.Org Foundation"
[    32.813] Information:  UnloadModule: "vesa"
[    32.813] Information:  Unloading vesa
[    32.813] Information:  Failed to load module "vesa" (already loaded, 0)
[    32.813] Information:  NOUVEAU driver Date:   Fri Apr 21 14:41:17 2017 -0400
[    32.813] Information:  NOUVEAU driver for NVIDIA chipset families :
[    32.814] Information:  modesetting: Driver for Modesetting Kernel Drivers: kms
[    32.814] Information:  FBDEV: driver for framebuffer: fbdev
[    32.814] Information:  VESA: driver for VESA chipsets: vesa
[    32.814] Information:  [drm] nouveau interface version: 1.3.1
[    32.829] Information:  modeset(0): using drv /dev/dri/card0
[    32.829] Information:  Loading sub module "fbdevhw"
[    32.829] Information:  LoadModule: "fbdevhw"
[    32.829] Information:  Loading /usr/lib/xorg/modules/libfbdevhw.so
[    32.830] Information:  Module fbdevhw: vendor="X.Org Foundation"
[    32.831] Information:  modeset(0): Creating default Display subsection in Screen section
[    32.831] Information:  Loading sub module "glamoregl"
[    32.831] Information:  LoadModule: "glamoregl"
[    32.831] Information:  Loading /usr/lib/xorg/modules/libglamoregl.so
[    32.880] Information:  Module glamoregl: vendor="X.Org Foundation"
[    32.880] Information:  glamor: OpenGL accelerated X.org driver based.
[    33.309] Information:  glamor: EGL version 1.4 (DRI2):
[    33.384] Information:  modeset(0): glamor initialized
[    33.386] Information:  modeset(0): Output eDP-1 has no monitor section
[    33.398] Information:  modeset(0): Output HDMI-1 has no monitor section
[    33.399] Information:  modeset(0): EDID for output eDP-1
[    33.399] Information:  modeset(0): Manufacturer: AUO  Model: 38ed  Serial#: 0
[    33.399] Information:  modeset(0): Year: 2014  Week: 43
[    33.399] Information:  modeset(0): EDID Version: 1.4
[    33.399] Information:  modeset(0): Digital Display Input
[    33.399] Information:  modeset(0): 6 bits per channel
[    33.399] Information:  modeset(0): Digital interface is DisplayPort
[    33.399] Information:  modeset(0): Max Image Size [cm]: horiz.: 34  vert.: 19
[    33.399] Information:  modeset(0): Gamma: 2.20
[    33.399] Information:  modeset(0): No DPMS capabilities specified
[    33.399] Information:  modeset(0): Supported color encodings: RGB 4:4:4 
[    33.399] Information:  modeset(0): First detailed timing is preferred mode
[    33.399] Information:  modeset(0): Preferred mode is native pixel format and refresh rate
[    33.399] Information:  modeset(0): redX: 0.575 redY: 0.345   greenX: 0.340 greenY: 0.560
[    33.399] Information:  modeset(0): blueX: 0.156 blueY: 0.123   whiteX: 0.313 whiteY: 0.329
[    33.399] Information:  modeset(0): Manufacturer's mask: 0
[    33.399] Information:  modeset(0): Supported detailed timing:
[    33.399] Information:  modeset(0): clock: 142.0 MHz   Image Size:  344 x 193 mm
[    33.399] Information:  modeset(0): h_active: 1920  h_sync: 2028  h_sync_end 2076 h_blank_end 2100 h_border: 0
[    33.399] Information:  modeset(0): v_active: 1080  v_sync: 1090  v_sync_end 1100 v_blanking: 1126 v_border: 0
[    33.399] Information:  modeset(0): Unknown vendor-specific block f
[    33.399] Information:  modeset(0):  AUO
[    33.399] Information:  modeset(0):  B156HTN03.8
[    33.399] Information:  modeset(0): EDID (in hex):
[    33.399] Information:  modeset(0): 	00ffffffffffff0006afed3800000000
[    33.399] Information:  modeset(0): 	2b180104952213780251259358578f28
[    33.399] Information:  modeset(0): 	1f505400000001010101010101010101
[    33.399] Information:  modeset(0): 	010101010101783780b470382e406c30
[    33.399] Information:  modeset(0): 	aa0058c1100000180000000f00000000
[    33.399] Information:  modeset(0): 	00000000000000000020000000fe0041
[    33.399] Information:  modeset(0): 	554f0a202020202020202020000000fe
[    33.399] Information:  modeset(0): 	004231353648544e30332e38200a00e9
[    33.399] Information:  modeset(0): Printing probed modes for output eDP-1
[    33.399] Information:  modeset(0): Modeline "1920x1080"x60.1  142.00  1920 2028 2076 2100  1080 1090 1100 1126 -hsync -vsync (67.6 kHz eP)
[    33.399] Information:  modeset(0): Modeline "1920x1080"x120.0  356.38  1920 2080 2288 2656  1080 1081 1084 1118 doublescan -hsync +vsync (134.2 kHz d)
[    33.399] Information:  modeset(0): Modeline "1920x1080"x119.9  266.50  1920 1944 1960 2000  1080 1081 1084 1111 doublescan +hsync -vsync (133.2 kHz d)
[    33.399] Information:  modeset(0): Modeline "1920x1080"x60.0  173.00  1920 2048 2248 2576  1080 1083 1088 1120 -hsync +vsync (67.2 kHz d)
[    33.399] Information:  modeset(0): Modeline "1920x1080"x59.9  138.50  1920 1968 2000 2080  1080 1083 1088 1111 +hsync -vsync (66.6 kHz d)
[    33.399] Information:  modeset(0): Modeline "1680x1050"x60.0  146.25  1680 1784 1960 2240  1050 1053 1059 1089 -hsync +vsync (65.3 kHz d)
[    33.399] Information:  modeset(0): Modeline "1680x1050"x59.9  119.00  1680 1728 1760 1840  1050 1053 1059 1080 +hsync -vsync (64.7 kHz d)
[    33.399] Information:  modeset(0): Modeline "1600x1024"x60.2  103.12  1600 1600 1656 1664  1024 1024 1029 1030 +hsync +vsync (62.0 kHz d)
[    33.399] Information:  modeset(0): Modeline "1400x1050"x60.0  122.00  1400 1488 1640 1880  1050 1052 1064 1082 +hsync +vsync (64.9 kHz d)
[    33.399] Information:  modeset(0): Modeline "1600x900"x120.0  246.00  1600 1728 1900 2200  900 901 904 932 doublescan -hsync +vsync (111.8 kHz d)
[    33.399] Information:  modeset(0): Modeline "1600x900"x119.9  186.50  1600 1624 1640 1680  900 901 904 926 doublescan +hsync -vsync (111.0 kHz d)
[    33.399] Information:  modeset(0): Modeline "1600x900"x59.9  118.25  1600 1696 1856 2112  900 903 908 934 -hsync +vsync (56.0 kHz d)
[    33.399] Information:  modeset(0): Modeline "1600x900"x59.8   97.50  1600 1648 1680 1760  900 903 908 926 +hsync -vsync (55.4 kHz d)
[    33.399] Information:  modeset(0): Modeline "1280x1024"x60.0  108.00  1280 1328 1440 1688  1024 1025 1028 1066 +hsync +vsync (64.0 kHz d)
[    33.399] Information:  modeset(0): Modeline "1440x900"x59.9  106.50  1440 1520 1672 1904  900 903 909 934 -hsync +vsync (55.9 kHz d)
[    33.399] Information:  modeset(0): Modeline "1400x900"x60.0  103.50  1400 1480 1624 1848  900 903 913 934 -hsync +vsync (56.0 kHz d)
[    33.399] Information:  modeset(0): Modeline "1400x900"x59.9   86.50  1400 1448 1480 1560  900 903 913 926 +hsync -vsync (55.4 kHz d)
[    33.399] Information:  modeset(0): Modeline "1280x960"x60.0  108.00  1280 1376 1488 1800  960 961 964 1000 +hsync +vsync (60.0 kHz d)
[    33.399] Information:  modeset(0): Modeline "1440x810"x120.0  198.12  1440 1548 1704 1968  810 811 814 839 doublescan -hsync +vsync (100.7 kHz d)
[    33.399] Information:  modeset(0): Modeline "1440x810"x119.9  151.88  1440 1464 1480 1520  810 811 814 833 doublescan +hsync -vsync (99.9 kHz d)
[    33.399] Information:  modeset(0): Modeline "1368x768"x59.9   85.25  1368 1440 1576 1784  768 771 781 798 -hsync +vsync (47.8 kHz d)
[    33.399] Information:  modeset(0): Modeline "1368x768"x59.9   72.25  1368 1416 1448 1528  768 771 781 790 +hsync -vsync (47.3 kHz d)
[    33.399] Information:  modeset(0): Modeline "1360x768"x59.8   84.75  1360 1432 1568 1776  768 771 781 798 -hsync +vsync (47.7 kHz d)
[    33.399] Information:  modeset(0): Modeline "1360x768"x60.0   72.00  1360 1408 1440 1520  768 771 781 790 +hsync -vsync (47.4 kHz d)
[    33.399] Information:  modeset(0): Modeline "1280x800"x120.0  174.25  1280 1380 1516 1752  800 801 804 829 doublescan -hsync +vsync (99.5 kHz d)
[    33.399] Information:  modeset(0): Modeline "1280x800"x119.9  134.25  1280 1304 1320 1360  800 801 804 823 doublescan +hsync -vsync (98.7 kHz d)
[    33.399] Information:  modeset(0): Modeline "1280x800"x59.8   83.50  1280 1352 1480 1680  800 803 809 831 -hsync +vsync (49.7 kHz d)
[    33.399] Information:  modeset(0): Modeline "1280x800"x59.9   71.00  1280 1328 1360 1440  800 803 809 823 +hsync -vsync (49.3 kHz d)
[    33.399] Information:  modeset(0): Modeline "1152x864"x60.0   81.62  1152 1216 1336 1520  864 865 868 895 -hsync +vsync (53.7 kHz d)
[    33.399] Information:  modeset(0): Modeline "1280x720"x120.0  156.12  1280 1376 1512 1744  720 721 724 746 doublescan -hsync +vsync (89.5 kHz d)
[    33.399] Information:  modeset(0): Modeline "1280x720"x120.0  120.75  1280 1304 1320 1360  720 721 724 740 doublescan +hsync -vsync (88.8 kHz d)
[    33.399] Information:  modeset(0): Modeline "1280x720"x59.9   74.50  1280 1344 1472 1664  720 723 728 748 -hsync +vsync (44.8 kHz d)
[    33.399] Information:  modeset(0): Modeline "1280x720"x59.7   63.75  1280 1328 1360 1440  720 723 728 741 +hsync -vsync (44.3 kHz d)
[    33.399] Information:  modeset(0): Modeline "1024x768"x120.1  133.47  1024 1100 1212 1400  768 768 770 794 doublescan -hsync +vsync (95.3 kHz d)
[    33.399] Information:  modeset(0): Modeline "1024x768"x60.0   65.00  1024 1048 1184 1344  768 771 777 806 -hsync -vsync (48.4 kHz d)
[    33.399] Information:  modeset(0): Modeline "960x720"x120.0  117.00  960 1024 1128 1300  720 720 722 750 doublescan -hsync +vsync (90.0 kHz d)
[    33.399] Information:  modeset(0): Modeline "928x696"x120.1  109.15  928 976 1088 1264  696 696 698 719 doublescan -hsync +vsync (86.4 kHz d)
[    33.399] Information:  modeset(0): Modeline "896x672"x120.0  102.40  896 960 1060 1224  672 672 674 697 doublescan -hsync +vsync (83.7 kHz d)
[    33.399] Information:  modeset(0): Modeline "1024x576"x119.9   98.50  1024 1092 1200 1376  576 577 580 597 doublescan -hsync +vsync (71.6 kHz d)
[    33.399] Information:  modeset(0): Modeline "1024x576"x119.9   78.38  1024 1048 1064 1104  576 577 580 592 doublescan +hsync -vsync (71.0 kHz d)
[    33.399] Information:  modeset(0): Modeline "1024x576"x59.9   46.50  1024 1064 1160 1296  576 579 584 599 -hsync +vsync (35.9 kHz d)
[    33.399] Information:  modeset(0): Modeline "1024x576"x59.8   42.00  1024 1072 1104 1184  576 579 584 593 +hsync -vsync (35.5 kHz d)
[    33.399] Information:  modeset(0): Modeline "960x600"x119.9   96.62  960 1028 1128 1296  600 601 604 622 doublescan -hsync +vsync (74.6 kHz d)
[    33.399] Information:  modeset(0): Modeline "960x600"x120.0   77.00  960 984 1000 1040  600 601 604 617 doublescan +hsync -vsync (74.0 kHz d)
[    33.399] Information:  modeset(0): Modeline "960x540"x119.9   86.50  960 1024 1124 1288  540 541 544 560 doublescan -hsync +vsync (67.2 kHz d)
[    33.399] Information:  modeset(0): Modeline "960x540"x120.0   69.25  960 984 1000 1040  540 541 544 555 doublescan +hsync -vsync (66.6 kHz d)
[    33.399] Information:  modeset(0): Modeline "960x540"x59.6   40.75  960 992 1088 1216  540 543 548 562 -hsync +vsync (33.5 kHz d)
[    33.399] Information:  modeset(0): Modeline "960x540"x59.8   37.25  960 1008 1040 1120  540 543 548 556 +hsync -vsync (33.3 kHz d)
[    33.399] Information:  modeset(0): Modeline "800x600"x120.0   81.00  800 832 928 1080  600 600 602 625 doublescan +hsync +vsync (75.0 kHz d)
[    33.399] Information:  modeset(0): Modeline "800x600"x60.3   40.00  800 840 968 1056  600 601 605 628 +hsync +vsync (37.9 kHz d)
[    33.399] Information:  modeset(0): Modeline "800x600"x56.2   36.00  800 824 896 1024  600 601 603 625 +hsync +vsync (35.2 kHz d)
[    33.399] Information:  modeset(0): Modeline "840x525"x120.0   73.12  840 892 980 1120  525 526 529 544 doublescan -hsync +vsync (65.3 kHz d)
[    33.399] Information:  modeset(0): Modeline "840x525"x119.8   59.50  840 864 880 920  525 526 529 540 doublescan +hsync -vsync (64.7 kHz d)
[    33.400] Information:  modeset(0): Modeline "864x486"x59.9   32.50  864 888 968 1072  486 489 494 506 -hsync +vsync (30.3 kHz d)
[    33.400] Information:  modeset(0): Modeline "864x486"x59.6   30.50  864 912 944 1024  486 489 494 500 +hsync -vsync (29.8 kHz d)
[    33.400] Information:  modeset(0): Modeline "800x512"x120.3   51.56  800 800 828 832  512 512 514 515 doublescan +hsync +vsync (62.0 kHz d)
[    33.400] Information:  modeset(0): Modeline "700x525"x120.0   61.00  700 744 820 940  525 526 532 541 doublescan +hsync +vsync (64.9 kHz d)
[    33.400] Information:  modeset(0): Modeline "800x450"x119.9   59.12  800 848 928 1056  450 451 454 467 doublescan -hsync +vsync (56.0 kHz d)
[    33.400] Information:  modeset(0): Modeline "800x450"x119.6   48.75  800 824 840 880  450 451 454 463 doublescan +hsync -vsync (55.4 kHz d)
[    33.400] Information:  modeset(0): Modeline "640x512"x120.0   54.00  640 664 720 844  512 512 514 533 doublescan +hsync +vsync (64.0 kHz d)
[    33.400] Information:  modeset(0): Modeline "720x450"x119.8   53.25  720 760 836 952  450 451 454 467 doublescan -hsync +vsync (55.9 kHz d)
[    33.400] Information:  modeset(0): Modeline "700x450"x119.9   51.75  700 740 812 924  450 451 456 467 doublescan -hsync +vsync (56.0 kHz d)
[    33.400] Information:  modeset(0): Modeline "700x450"x119.8   43.25  700 724 740 780  450 451 456 463 doublescan +hsync -vsync (55.4 kHz d)
[    33.400] Information:  modeset(0): Modeline "640x480"x120.0   54.00  640 688 744 900  480 480 482 500 doublescan +hsync +vsync (60.0 kHz d)
[    33.400] Information:  modeset(0): Modeline "640x480"x59.9   25.18  640 656 752 800  480 490 492 525 -hsync -vsync (31.5 kHz d)
[    33.400] Information:  modeset(0): Modeline "720x405"x59.5   22.50  720 744 808 896  405 408 413 422 -hsync +vsync (25.1 kHz d)
[    33.400] Information:  modeset(0): Modeline "720x405"x59.0   21.75  720 768 800 880  405 408 413 419 +hsync -vsync (24.7 kHz d)
[    33.400] Information:  modeset(0): Modeline "684x384"x119.8   42.62  684 720 788 892  384 385 390 399 doublescan -hsync +vsync (47.8 kHz d)
[    33.400] Information:  modeset(0): Modeline "684x384"x119.7   36.12  684 708 724 764  384 385 390 395 doublescan +hsync -vsync (47.3 kHz d)
[    33.400] Information:  modeset(0): Modeline "680x384"x119.6   42.38  680 716 784 888  384 385 390 399 doublescan -hsync +vsync (47.7 kHz d)
[    33.400] Information:  modeset(0): Modeline "680x384"x119.9   36.00  680 704 720 760  384 385 390 395 doublescan +hsync -vsync (47.4 kHz d)
[    33.400] Information:  modeset(0): Modeline "640x400"x119.8   41.75  640 676 740 840  400 401 404 415 doublescan -hsync +vsync (49.7 kHz d)
[    33.400] Information:  modeset(0): Modeline "640x400"x120.0   35.50  640 664 680 720  400 401 404 411 doublescan +hsync -vsync (49.3 kHz d)
[    33.400] Information:  modeset(0): Modeline "576x432"x120.1   40.81  576 608 668 760  432 432 434 447 doublescan -hsync +vsync (53.7 kHz d)
[    33.400] Information:  modeset(0): Modeline "640x360"x119.7   37.25  640 672 736 832  360 361 364 374 doublescan -hsync +vsync (44.8 kHz d)
[    33.400] Information:  modeset(0): Modeline "640x360"x119.7   31.88  640 664 680 720  360 361 364 370 doublescan +hsync -vsync (44.3 kHz d)
[    33.400] Information:  modeset(0): Modeline "640x360"x59.8   18.00  640 664 720 800  360 363 368 376 -hsync +vsync (22.5 kHz d)
[    33.400] Information:  modeset(0): Modeline "640x360"x59.3   17.75  640 688 720 800  360 363 368 374 +hsync -vsync (22.2 kHz d)
[    33.400] Information:  modeset(0): Modeline "512x384"x120.0   32.50  512 524 592 672  384 385 388 403 doublescan -hsync -vsync (48.4 kHz d)
[    33.400] Information:  modeset(0): Modeline "512x288"x120.0   23.25  512 532 580 648  288 289 292 299 doublescan -hsync +vsync (35.9 kHz d)
[    33.400] Information:  modeset(0): Modeline "512x288"x119.8   21.00  512 536 552 592  288 289 292 296 doublescan +hsync -vsync (35.5 kHz d)
[    33.400] Information:  modeset(0): Modeline "480x270"x119.3   20.38  480 496 544 608  270 271 274 281 doublescan -hsync +vsync (33.5 kHz d)
[    33.400] Information:  modeset(0): Modeline "480x270"x119.6   18.62  480 504 520 560  270 271 274 278 doublescan +hsync -vsync (33.3 kHz d)
[    33.400] Information:  modeset(0): Modeline "400x300"x120.6   20.00  400 420 484 528  300 300 302 314 doublescan +hsync +vsync (37.9 kHz d)
[    33.400] Information:  modeset(0): Modeline "400x300"x112.7   18.00  400 412 448 512  300 300 301 312 doublescan +hsync +vsync (35.2 kHz d)
[    33.400] Information:  modeset(0): Modeline "432x243"x119.8   16.25  432 444 484 536  243 244 247 253 doublescan -hsync +vsync (30.3 kHz d)
[    33.400] Information:  modeset(0): Modeline "432x243"x119.1   15.25  432 456 472 512  243 244 247 250 doublescan +hsync -vsync (29.8 kHz d)
[    33.400] Information:  modeset(0): Modeline "320x240"x120.1   12.59  320 328 376 400  240 245 246 262 doublescan -hsync -vsync (31.5 kHz d)
[    33.400] Information:  modeset(0): Modeline "360x202"x119.0   11.25  360 372 404 448  202 204 206 211 doublescan -hsync +vsync (25.1 kHz d)
[    33.400] Information:  modeset(0): Modeline "360x202"x118.3   10.88  360 384 400 440  202 204 206 209 doublescan +hsync -vsync (24.7 kHz d)
[    33.400] Information:  modeset(0): Modeline "320x180"x119.7    9.00  320 332 360 400  180 181 184 188 doublescan -hsync +vsync (22.5 kHz d)
[    33.400] Information:  modeset(0): Modeline "320x180"x118.6    8.88  320 344 360 400  180 181 184 187 doublescan +hsync -vsync (22.2 kHz d)
[    33.411] Information:  modeset(0): EDID for output HDMI-1
[    33.411] Information:  modeset(0): Output eDP-1 connected
[    33.411] Information:  modeset(0): Output HDMI-1 disconnected
[    33.411] Information:  modeset(0): Using exact sizes for initial modes
[    33.411] Information:  modeset(0): Output eDP-1 using initial mode 1920x1080 +0+0
[    33.411] Information:  Loading sub module "fb"
[    33.411] Information:  LoadModule: "fb"
[    33.411] Information:  Loading /usr/lib/xorg/modules/libfb.so
[    33.412] Information:  Module fb: vendor="X.Org Foundation"
[    33.413] Information:  Loading sub module "dri2"
[    33.413] Information:  LoadModule: "dri2"
[    33.413] Information:  Module "dri2" already built-in
[    33.413] Information:  NOUVEAU(G0): Modeline "1920x1080"x60.0  173.00  1920 2048 2248 2576  1080 1083 1088 1120 -hsync +vsync (67.2 kHz)
[    33.413] Information:  Loading sub module "fb"
[    33.413] Information:  LoadModule: "fb"
[    33.413] Information:  Loading /usr/lib/xorg/modules/libfb.so
[    33.413] Information:  Module fb: vendor="X.Org Foundation"
[    33.413] Information:  Loading sub module "shadowfb"
[    33.413] Information:  LoadModule: "shadowfb"
[    33.413] Information:  Loading /usr/lib/xorg/modules/libshadowfb.so
[    33.414] Information:  Module shadowfb: vendor="X.Org Foundation"
[    33.414] Information:  UnloadModule: "fbdev"
[    33.414] Information:  Unloading fbdev
[    33.414] Information:  UnloadSubModule: "fbdevhw"
[    33.414] Information:  Unloading fbdevhw
[    33.414] Information:  UnloadModule: "vesa"
[    33.414] Information:  Unloading vesa
[    33.465] Information:  NOUVEAU(G0): Channel setup complete.
[    33.465] Information:  NOUVEAU(G0): [COPY] async initialised.
[    33.467] Information:  NOUVEAU(G0): Hardware support for Present enabled
[    33.467] Information:  NOUVEAU(G0): [DRI2] Setup complete
[    33.467] Information:  NOUVEAU(G0): [DRI2]   DRI driver: nouveau
[    33.467] Information:  NOUVEAU(G0): [DRI2]   VDPAU driver: nouveau
[    33.467] Information:  Loading sub module "exa"
[    33.467] Information:  LoadModule: "exa"
[    33.467] Information:  Loading /usr/lib/xorg/modules/libexa.so
[    33.468] Information:  Module exa: vendor="X.Org Foundation"
[    33.469] Information:  EXA(256): Driver allocated offscreen pixmaps
[    33.469] Information:  EXA(256): Driver registered support for the following operations:
[    33.469] Information:          Solid
[    33.469] Information:          Copy
[    33.469] Information:          Composite (RENDER acceleration)
[    33.469] Information:          UploadToScreen
[    33.469] Information:          DownloadFromScreen
[    33.470] Information:  NOUVEAU(G0): [XvMC] Associated with Nouveau GeForce 8/9 Textured Video.
[    33.470] Information:  NOUVEAU(G0): RandR 1.2 enabled, ignore the following RandR disabled message.
[    33.590] Information:  modeset(0): RandR 1.2 enabled, ignore the following RandR disabled message.
[    33.646] Information:  modeset(0): [DRI2] Setup complete
[    33.646] Information:  modeset(0): [DRI2]   DRI driver: i965
[    33.646] Information:  modeset(0): [DRI2]   VDPAU driver: i965
[    33.659] Information:  SELinux: Disabled on system
[    33.664] Information:  AIGLX: enabled GLX_MESA_copy_sub_buffer
[    33.664] Information:  AIGLX: enabled GLX_ARB_create_context
[    33.664] Information:  AIGLX: enabled GLX_ARB_create_context_profile
[    33.664] Information:  AIGLX: enabled GLX_EXT_create_context_es{,2}_profile
[    33.664] Information:  AIGLX: enabled GLX_INTEL_swap_event
[    33.664] Information:  AIGLX: enabled GLX_SGI_swap_control
[    33.664] Information:  AIGLX: enabled GLX_EXT_framebuffer_sRGB
[    33.664] Information:  AIGLX: enabled GLX_ARB_fbconfig_float
[    33.664] Information:  AIGLX: enabled GLX_EXT_fbconfig_packed_float
[    33.664] Information:  AIGLX: GLX_EXT_texture_from_pixmap backed by buffer objects
[    33.664] Information:  AIGLX: enabled GLX_ARB_create_context_robustness
[    33.664] Information:  AIGLX: Loaded and initialized i965
[    33.664] Information:  GLX: Initialized DRI2 GL provider for screen 0
[    33.665] Information:  NOUVEAU(G0): NVEnterVT is called.
[    33.686] Information:  modeset(0): Damage tracking initialized
[    33.686] Information:  modeset(0): Setting screen physical size to 508 x 285
[    34.102] Information:  config/udev: Adding input device Power Button (/dev/input/event2)
[    34.102] Information:  LoadModule: "evdev"
[    34.102] Information:  Loading /usr/lib/xorg/modules/input/evdev_drv.so
[    34.171] Information:  Module evdev: vendor="X.Org Foundation"
[    34.171] Information:  Using input driver 'evdev' for 'Power Button'
[    34.172] Information:  evdev: Power Button: Configuring as keyboard
[    34.172] Information:  XINPUT: Adding extended input device "Power Button" (type: KEYBOARD, id 6)
[    34.188] Information:  config/udev: Adding input device Asus Wireless Radio Control (/dev/input/event8)
[    34.188] Information:  Using input driver 'evdev' for 'Asus Wireless Radio Control'
[    34.188] Information:  evdev: Asus Wireless Radio Control: Configuring as keyboard
[    34.188] Information:  XINPUT: Adding extended input device "Asus Wireless Radio Control" (type: KEYBOARD, id 7)
[    34.188] Information:  config/udev: Adding input device Video Bus (/dev/input/event6)
[    34.188] Information:  Using input driver 'evdev' for 'Video Bus'
[    34.188] Information:  evdev: Video Bus: Configuring as keyboard
[    34.188] Information:  XINPUT: Adding extended input device "Video Bus" (type: KEYBOARD, id 8)
[    34.189] Information:  config/udev: Adding input device Video Bus (/dev/input/event7)
[    34.189] Information:  Using input driver 'evdev' for 'Video Bus'
[    34.189] Information:  evdev: Video Bus: Configuring as keyboard
[    34.189] Information:  XINPUT: Adding extended input device "Video Bus" (type: KEYBOARD, id 9)
[    34.189] Information:  config/udev: Adding input device Lid Switch (/dev/input/event0)
[    34.189] Information:  No input driver specified, ignoring this device.
[    34.189] Information:  This device may have been added with another device file.
[    34.190] Information:  config/udev: Adding input device Sleep Button (/dev/input/event1)
[    34.190] Information:  Using input driver 'evdev' for 'Sleep Button'
[    34.190] Information:  evdev: Sleep Button: Configuring as keyboard
[    34.190] Information:  XINPUT: Adding extended input device "Sleep Button" (type: KEYBOARD, id 10)
[    34.190] Information:  config/udev: Adding input device A4TECH USB Device (/dev/input/event4)
[    34.190] Information:  Using input driver 'evdev' for 'A4TECH USB Device'
[    34.190] Information:  evdev: A4TECH USB Device: Forcing relative x/y axes to exist.
[    34.190] Information:  evdev: A4TECH USB Device: Forcing absolute x/y axes to exist.
[    34.191] Information:  evdev: A4TECH USB Device: Configuring as mouse
[    34.191] Information:  evdev: A4TECH USB Device: Configuring as keyboard
[    34.191] Information:  evdev: A4TECH USB Device: Adding scrollwheel support
[    34.191] Information:  XINPUT: Adding extended input device "A4TECH USB Device" (type: KEYBOARD, id 11)
[    34.191] Information:  evdev: A4TECH USB Device: initialized for relative axes.
[    34.191] Information:  config/udev: Adding input device A4TECH USB Device (/dev/input/event5)
[    34.191] Information:  Using input driver 'evdev' for 'A4TECH USB Device'
[    34.248] Information:  evdev: A4TECH USB Device: Configuring as mouse
[    34.248] Information:  evdev: A4TECH USB Device: Adding scrollwheel support
[    34.248] Information:  XINPUT: Adding extended input device "A4TECH USB Device" (type: MOUSE, id 12)
[    34.249] Information:  evdev: A4TECH USB Device: initialized for relative axes.
[    34.249] Information:  config/udev: Adding input device A4TECH USB Device (/dev/input/mouse0)
[    34.249] Information:  No input driver specified, ignoring this device.
[    34.249] Information:  This device may have been added with another device file.
[    34.249] Information:  config/udev: Adding input device USB2.0 VGA UVC WebCam: USB2.0 V (/dev/input/event18)
[    34.250] Information:  Using input driver 'evdev' for 'USB2.0 VGA UVC WebCam: USB2.0 V'
[    34.250] Information:  evdev: USB2.0 VGA UVC WebCam: USB2.0 V: Configuring as keyboard
[    34.250] Information:  XINPUT: Adding extended input device "USB2.0 VGA UVC WebCam: USB2.0 V" (type: KEYBOARD, id 13)
[    34.250] Information:  config/udev: Adding input device Asus TouchPad (/dev/input/event10)
[    34.250] Information:  LoadModule: "synaptics"
[    34.250] Information:  Loading /usr/lib/xorg/modules/input/synaptics_drv.so
[    34.251] Information:  Module synaptics: vendor="X.Org Foundation"
[    34.251] Information:  Using input driver 'synaptics' for 'Asus TouchPad'
[    34.305] Information:  synaptics: Asus TouchPad: found clickpad property
[    34.336] Information:  XINPUT: Adding extended input device "Asus TouchPad" (type: TOUCHPAD, id 14)
[    34.338] Information:  config/udev: Adding input device Asus TouchPad (/dev/input/mouse1)
[    34.338] Information:  config/udev: Adding input device HDA Intel PCH Mic (/dev/input/event11)
[    34.338] Information:  No input driver specified, ignoring this device.
[    34.338] Information:  This device may have been added with another device file.
[    34.338] Information:  config/udev: Adding input device HDA Intel PCH Headphone (/dev/input/event12)
[    34.338] Information:  No input driver specified, ignoring this device.
[    34.338] Information:  This device may have been added with another device file.
[    34.339] Information:  config/udev: Adding input device HDA Intel PCH HDMI/DP,pcm=3 (/dev/input/event13)
[    34.339] Information:  No input driver specified, ignoring this device.
[    34.339] Information:  This device may have been added with another device file.
[    34.339] Information:  config/udev: Adding input device HDA Intel PCH HDMI/DP,pcm=7 (/dev/input/event14)
[    34.339] Information:  No input driver specified, ignoring this device.
[    34.339] Information:  This device may have been added with another device file.
[    34.339] Information:  config/udev: Adding input device HDA Intel PCH HDMI/DP,pcm=8 (/dev/input/event15)
[    34.339] Information:  No input driver specified, ignoring this device.
[    34.339] Information:  This device may have been added with another device file.
[    34.339] Information:  config/udev: Adding input device HDA Intel PCH HDMI/DP,pcm=9 (/dev/input/event16)
[    34.339] Information:  No input driver specified, ignoring this device.
[    34.339] Information:  This device may have been added with another device file.
[    34.339] Information:  config/udev: Adding input device HDA Intel PCH HDMI/DP,pcm=10 (/dev/input/event17)
[    34.339] Information:  No input driver specified, ignoring this device.
[    34.339] Information:  This device may have been added with another device file.
[    34.340] Information:  config/udev: Adding input device Asus WMI hotkeys (/dev/input/event9)
[    34.340] Information:  Using input driver 'evdev' for 'Asus WMI hotkeys'
[    34.340] Information:  evdev: Asus WMI hotkeys: Configuring as keyboard
[    34.340] Information:  XINPUT: Adding extended input device "Asus WMI hotkeys" (type: KEYBOARD, id 15)
[    34.340] Information:  config/udev: Adding input device AT Translated Set 2 keyboard (/dev/input/event3)
[    34.340] Information:  Using input driver 'evdev' for 'AT Translated Set 2 keyboard'
[    34.340] Information:  evdev: AT Translated Set 2 keyboard: Configuring as keyboard
[    34.340] Information:  XINPUT: Adding extended input device "AT Translated Set 2 keyboard" (type: KEYBOARD, id 16)
[    41.432] Information:  modeset(0): EDID vendor "AUO", prod id 14573
[    41.432] Information:  modeset(0): Printing DDC gathered Modelines:
[    41.432] Information:  modeset(0): Modeline "1920x1080"x0.0  142.00  1920 2028 2076 2100  1080 1090 1100 1126 -hsync -vsync (67.6 kHz eP)
[    53.594] Information:  modeset(0): EDID vendor "AUO", prod id 14573
[    53.594] Information:  modeset(0): Printing DDC gathered Modelines:
[    53.594] Information:  modeset(0): Modeline "1920x1080"x0.0  142.00  1920 2028 2076 2100  1080 1090 1100 1126 -hsync -vsync (67.6 kHz eP)
[    53.736] Information:  modeset(0): EDID vendor "AUO", prod id 14573
[    53.736] Information:  modeset(0): Printing DDC gathered Modelines:
[    53.736] Information:  modeset(0): Modeline "1920x1080"x0.0  142.00  1920 2028 2076 2100  1080 1090 1100 1126 -hsync -vsync (67.6 kHz eP)
[    54.936] Information:  modeset(0): EDID vendor "AUO", prod id 14573
[    54.936] Information:  modeset(0): Printing DDC gathered Modelines:
[    54.936] Information:  modeset(0): Modeline "1920x1080"x0.0  142.00  1920 2028 2076 2100  1080 1090 1100 1126 -hsync -vsync (67.6 kHz eP)
[ 43555.650] Information:  config/udev: removing device A4TECH USB Device
[ 43555.997] Information:  evdev: A4TECH USB Device: Close
[ 43556.703] Information:  UnloadModule: "evdev"
[ 43556.703] Information:  config/udev: removing device A4TECH USB Device
[ 43556.716] Information:  evdev: A4TECH USB Device: Close
[ 43556.716] Information:  UnloadModule: "evdev"
[ 43563.806] Information:  modeset(0): EDID vendor "AUO", prod id 14573
[ 43563.806] Information:  modeset(0): Printing DDC gathered Modelines:
[ 43563.806] Information:  modeset(0): Modeline "1920x1080"x0.0  142.00  1920 2028 2076 2100  1080 1090 1100 1126 -hsync -vsync (67.6 kHz eP)
[ 43565.645] Information:  modeset(0): EDID vendor "AUO", prod id 14573
[ 43565.645] Information:  modeset(0): Printing DDC gathered Modelines:
[ 43565.645] Information:  modeset(0): Modeline "1920x1080"x0.0  142.00  1920 2028 2076 2100  1080 1090 1100 1126 -hsync -vsync (67.6 kHz eP)
[ 43568.409] Information:  modeset(0): EDID vendor "AUO", prod id 14573
[ 43568.409] Information:  modeset(0): Printing DDC gathered Modelines:
[ 43568.409] Information:  modeset(0): Modeline "1920x1080"x0.0  142.00  1920 2028 2076 2100  1080 1090 1100 1126 -hsync -vsync (67.6 kHz eP)
[ 44247.831] Information:  modeset(0): EDID vendor "AUO", prod id 14573
[ 44247.831] Information:  modeset(0): Printing DDC gathered Modelines:
[ 44247.831] Information:  modeset(0): Modeline "1920x1080"x0.0  142.00  1920 2028 2076 2100  1080 1090 1100 1126 -hsync -vsync (67.6 kHz eP)
[ 49139.931] Information:  config/udev: Adding input device A4TECH USB Device (/dev/input/mouse0)
[ 49140.049] Information:  No input driver specified, ignoring this device.
[ 49140.049] Information:  This device may have been added with another device file.
[ 49140.266] Information:  config/udev: Adding input device A4TECH USB Device (/dev/input/event5)
[ 49140.266] Information:  Using input driver 'evdev' for 'A4TECH USB Device'
[ 49140.416] Information:  evdev: A4TECH USB Device: Configuring as mouse
[ 49140.416] Information:  evdev: A4TECH USB Device: Adding scrollwheel support
[ 49140.416] Information:  XINPUT: Adding extended input device "A4TECH USB Device" (type: MOUSE, id 11)
[ 49140.416] Information:  evdev: A4TECH USB Device: initialized for relative axes.
[ 49140.419] Information:  config/udev: Adding input device A4TECH USB Device (/dev/input/event4)
[ 49140.419] Information:  Using input driver 'evdev' for 'A4TECH USB Device'
[ 49140.419] Information:  evdev: A4TECH USB Device: Forcing relative x/y axes to exist.
[ 49140.419] Information:  evdev: A4TECH USB Device: Forcing absolute x/y axes to exist.
[ 49140.419] Information:  evdev: A4TECH USB Device: Configuring as mouse
[ 49140.419] Information:  evdev: A4TECH USB Device: Configuring as keyboard
[ 49140.419] Information:  evdev: A4TECH USB Device: Adding scrollwheel support
[ 49140.419] Information:  XINPUT: Adding extended input device "A4TECH USB Device" (type: KEYBOARD, id 12)
[ 49140.441] Information:  evdev: A4TECH USB Device: initialized for relative axes.
